2020-07-11 11:17:48.799  INFO [restartedMain] [] c.m.s.c.CaseManagerStartApplication      55 : Starting CaseManagerStartApplication on TaodeMacBook-Pro.local with PID 73764 (/Users/taomo/IdeaProjects/case-manager/case-manager-start/target/classes started by taomo in /Users/taomo/IdeaProjects/case-manager)
2020-07-11 11:17:48.803  INFO [restartedMain] [] c.m.s.c.CaseManagerStartApplication      655 : The following profiles are active: dev
2020-07-11 11:17:48.868  INFO [restartedMain] [] .e.DevToolsPropertyDefaultsPostProcessor 225 : Devtools property defaults active! Set 'spring.devtools.add-properties' to 'false' to disable
2020-07-11 11:17:48.868  INFO [restartedMain] [] .e.DevToolsPropertyDefaultsPostProcessor 225 : For additional web related logging consider setting the 'logging.level.web' property to 'DEBUG'
2020-07-11 11:17:50.314  INFO [restartedMain] [] .s.d.r.c.RepositoryConfigurationDelegate 249 : Multiple Spring Data modules found, entering strict repository configuration mode!
2020-07-11 11:17:50.318  INFO [restartedMain] [] .s.d.r.c.RepositoryConfigurationDelegate 127 : Bootstrapping Spring Data Redis repositories in DEFAULT mode.
2020-07-11 11:17:50.358  INFO [restartedMain] [] .s.d.r.c.RepositoryConfigurationDelegate 187 : Finished Spring Data repository scanning in 20ms. Found 0 Redis repository interfaces.
2020-07-11 11:17:50.492  WARN [restartedMain] [] o.m.s.mapper.ClassPathMapperScanner      44 : Skipping MapperFactoryBean with name 'cmsLoginLogMapper' and 'com.mone.server.casemanagerframework.aop.mapper.CmsLoginLogMapper' mapperInterface. Bean already defined with the same name!
2020-07-11 11:17:50.493  WARN [restartedMain] [] o.m.s.mapper.ClassPathMapperScanner      44 : Skipping MapperFactoryBean with name 'cmsOperationLogMapper' and 'com.mone.server.casemanagerframework.aop.mapper.CmsOperationLogMapper' mapperInterface. Bean already defined with the same name!
2020-07-11 11:17:50.493  WARN [restartedMain] [] o.m.s.mapper.ClassPathMapperScanner      44 : Skipping MapperFactoryBean with name 'ipAddressMapper' and 'com.mone.server.casemanagerframework.aop.mapper.IpAddressMapper' mapperInterface. Bean already defined with the same name!
2020-07-11 11:17:50.868  INFO [restartedMain] [] trationDelegate$BeanPostProcessorChecker 335 : Bean 'redisCacheConfig' of type [com.mone.server.casemanagerstart.config.redis.RedisCacheConfig$$EnhancerBySpringCGLIB$$b185265d] is not eligible for getting processed by all BeanPostProcessors (for example: not eligible for auto-proxying)
2020-07-11 11:17:51.315  INFO [restartedMain] [] o.s.b.w.embedded.tomcat.TomcatWebServer  108 : Tomcat initialized with port(s): 8888 (http)
2020-07-11 11:17:51.324  INFO [restartedMain] [] o.a.coyote.http11.Http11NioProtocol      173 : Initializing ProtocolHandler ["http-nio-8888"]
2020-07-11 11:17:51.325  INFO [restartedMain] [] o.apache.catalina.core.StandardService   173 : Starting service [Tomcat]
2020-07-11 11:17:51.325  INFO [restartedMain] [] org.apache.catalina.core.StandardEngine  173 : Starting Servlet engine: [Apache Tomcat/9.0.36]
2020-07-11 11:17:51.398  INFO [restartedMain] [] o.a.c.c.C.[Tomcat].[localhost].[/api]    173 : Initializing Spring embedded WebApplicationContext
2020-07-11 11:17:51.398  INFO [restartedMain] [] w.s.c.ServletWebServerApplicationContext 285 : Root WebApplicationContext: initialization completed in 2529 ms
2020-07-11 11:17:51.615  INFO [restartedMain] [] o.s.b.a.e.web.ServletEndpointRegistrar   75 : Registered '/actuator/jolokia' to jolokia-actuator-endpoint
2020-07-11 11:17:51.753  INFO [restartedMain] [] c.a.d.s.b.a.DruidDataSourceAutoConfigure 56 : Init DruidDataSource
2020-07-11 11:17:52.640  INFO [restartedMain] [] com.alibaba.druid.pool.DruidDataSource   994 : {dataSource-1} inited
2020-07-11 11:17:54.318  INFO [restartedMain] [] o.s.b.a.e.web.EndpointLinksResolver      58 : Exposing 15 endpoint(s) beneath base path '/actuator'
2020-07-11 11:17:54.445  INFO [restartedMain] [] pertySourcedRequestMappingHandlerMapping 69 : Mapped URL path [/v2/api-docs] onto method [springfox.documentation.swagger2.web.Swagger2Controller#getDocumentation(String, HttpServletRequest)]
2020-07-11 11:17:54.457  INFO [restartedMain] [] c.m.s.c.config.Swagger2Config            115 : swagger scan basePackages:[com.mone.server.casemanagerstart, com.mone.server.casemanagerframework]
2020-07-11 11:17:54.732  INFO [restartedMain] [] o.s.s.concurrent.ThreadPoolTaskExecutor  181 : Initializing ExecutorService 'applicationTaskExecutor'
2020-07-11 11:17:54.798  INFO [restartedMain] [] o.s.b.d.a.OptionalLiveReloadServer       58 : LiveReload server is running on port 35729
2020-07-11 11:17:54.957  INFO [restartedMain] [] o.s.s.c.ThreadPoolTaskScheduler          181 : Initializing ExecutorService
2020-07-11 11:17:55.285  INFO [restartedMain] [] o.a.coyote.http11.Http11NioProtocol      173 : Starting ProtocolHandler ["http-nio-8888"]
2020-07-11 11:17:55.318  INFO [restartedMain] [] o.s.b.w.embedded.tomcat.TomcatWebServer  220 : Tomcat started on port(s): 8888 (http) with context path '/api'
2020-07-11 11:17:55.319  INFO [restartedMain] [] d.s.w.p.DocumentationPluginsBootstrapper 160 : Context refreshed
2020-07-11 11:17:55.340  INFO [restartedMain] [] d.s.w.p.DocumentationPluginsBootstrapper 163 : Found 1 custom documentation plugin(s)
2020-07-11 11:17:55.379  INFO [restartedMain] [] s.d.s.w.s.ApiListingReferenceScanner     41 : Scanning for api listing references
2020-07-11 11:17:55.806  INFO [restartedMain] [] c.m.s.c.CaseManagerStartApplication      61 : Started CaseManagerStartApplication in 7.616 seconds (JVM running for 8.359)
2020-07-11 11:17:55.816  INFO [restartedMain] [] c.m.s.c.util.PrintApplicationInfo        83 : projectFinalName : @boot.artifact.name@
2020-07-11 11:17:55.816  INFO [restartedMain] [] c.m.s.c.util.PrintApplicationInfo        84 : projectVersion : 0.0.1-SNAPSHOT
2020-07-11 11:17:55.816  INFO [restartedMain] [] c.m.s.c.util.PrintApplicationInfo        85 : profileActive : dev
2020-07-11 11:17:55.817  INFO [restartedMain] [] c.m.s.c.util.PrintApplicationInfo        86 : contextPath : /api
2020-07-11 11:17:55.817  INFO [restartedMain] [] c.m.s.c.util.PrintApplicationInfo        87 : serverIp : 127.0.0.1
2020-07-11 11:17:55.817  INFO [restartedMain] [] c.m.s.c.util.PrintApplicationInfo        88 : port : 8888
2020-07-11 11:17:55.817  INFO [restartedMain] [] c.m.s.c.util.PrintApplicationInfo        102 : Admin:   http://127.0.0.1:8000
2020-07-11 11:17:55.817  INFO [restartedMain] [] c.m.s.c.util.PrintApplicationInfo        103 : Home:    http://127.0.0.1:8888/api
2020-07-11 11:17:55.817  INFO [restartedMain] [] c.m.s.c.util.PrintApplicationInfo        104 : Swagger: http://127.0.0.1:8888/api/swagger-ui.html
2020-07-11 11:17:55.817  INFO [restartedMain] [] c.m.s.c.util.PrintApplicationInfo        105 : project start success...........
2020-07-11 11:17:55.821  INFO [restartedMain] [] c.m.s.c.util.PrintApplicationInfo        107 : 
[2J[34m ____    __                    __        ____                                                   
/\  _`\ /\ \__                /\ \__    /\  _`\                                                 
\ \,\L\_\ \ ,_\    __     _ __\ \ ,_\   \ \,\L\_\  __  __    ___    ___     __    ____    ____  
 \/_\__ \\ \ \/  /'__`\  /\`'__\ \ \/    \/_\__ \ /\ \/\ \  /'___\ /'___\ /'__`\ /',__\  /',__\ 
   /\ \L\ \ \ \_/\ \L\.\_\ \ \/ \ \ \_     /\ \L\ \ \ \_\ \/\ \__//\ \__//\  __//\__, `\/\__, `\
   \ `\____\ \__\ \__/.\_\\ \_\  \ \__\    \ `\____\ \____/\ \____\ \____\ \____\/\____/\/\____/
    \/_____/\/__/\/__/\/_/ \/_/   \/__/     \/_____/\/___/  \/____/\/____/\/____/\/___/  \/___/ 
                                                                                                
                                                                                                [m
2020-07-11 11:17:55.822  INFO [restartedMain] [] c.m.s.c.util.PrintApplicationInfo        53 : 
[2J[33m===========================================================================================
                                                                                  
                               !!!开始启动项目!!!                                      
=======>>>启动环境: dev===========================================================================================
[m
2020-07-11 11:17:55.875  WARN [registrationTask1] [] d.c.b.a.c.r.ApplicationRegistrator       93 : Failed to register application as Application(name=case manager, managementUrl=http://127.0.0.1:8888/api/actuator, healthUrl=http://127.0.0.1:8888/api/actuator/health, serviceUrl=http://127.0.0.1:8888/api) at spring-boot-admin ([http://127.0.0.1:8000/instances]): I/O error on POST request for "http://127.0.0.1:8000/instances": Connection refused (Connection refused); nested exception is java.net.ConnectException: Connection refused (Connection refused). Further attempts are logged on DEBUG level
2020-07-11 11:17:56.237  INFO [RMI TCP Connection(1)-192.168.3.8] [] o.a.c.c.C.[Tomcat].[localhost].[/api]    173 : Initializing Spring DispatcherServlet 'dispatcherServlet'
2020-07-11 11:17:56.238  INFO [RMI TCP Connection(1)-192.168.3.8] [] o.s.web.servlet.DispatcherServlet        525 : Initializing Servlet 'dispatcherServlet'
2020-07-11 11:17:56.248  INFO [RMI TCP Connection(1)-192.168.3.8] [] o.s.web.servlet.DispatcherServlet        547 : Completed initialization in 10 ms
2020-07-11 11:20:05.722  INFO [http-nio-8888-exec-25] [1281790337886007298] c.m.s.c.aop.BaseLogAop                   546 : [2J[32mrequestInfo:null[m
2020-07-11 11:20:05.786 ERROR [http-nio-8888-exec-25] [] o.a.c.c.C.[.[.[.[dispatcherServlet]      175 : Servlet.service() for servlet [dispatcherServlet] in context with path [/api] threw exception [Request processing failed; nested exception is org.apache.ibatis.binding.BindingException: Invalid bound statement (not found): com.mone.server.casemanagerstart.user.mapper.UserTeamMapper.getUserTeamById] with root cause

org.apache.ibatis.binding.BindingException: Invalid bound statement (not found): com.mone.server.casemanagerstart.user.mapper.UserTeamMapper.getUserTeamById
	at org.apache.ibatis.binding.MapperMethod$SqlCommand.<init>(MapperMethod.java:235)
	at com.baomidou.mybatisplus.core.override.MybatisMapperMethod.<init>(MybatisMapperMethod.java:50)
	at com.baomidou.mybatisplus.core.override.MybatisMapperProxy.lambda$cachedMapperMethod$0(MybatisMapperProxy.java:101)
	at java.util.concurrent.ConcurrentHashMap.computeIfAbsent(ConcurrentHashMap.java:1660)
	at com.baomidou.mybatisplus.core.override.MybatisMapperProxy.cachedMapperMethod(MybatisMapperProxy.java:100)
	at com.baomidou.mybatisplus.core.override.MybatisMapperProxy.invoke(MybatisMapperProxy.java:95)
	at com.sun.proxy.$Proxy143.getUserTeamById(Unknown Source)
	at sun.reflect.NativeMethodAccessorImpl.invoke0(Native Method)
	at sun.reflect.NativeMethodAccessorImpl.invoke(NativeMethodAccessorImpl.java:62)
	at sun.reflect.DelegatingMethodAccessorImpl.invoke(DelegatingMethodAccessorImpl.java:43)
	at java.lang.reflect.Method.invoke(Method.java:498)
	at org.springframework.aop.support.AopUtils.invokeJoinpointUsingReflection(AopUtils.java:344)
	at org.springframework.aop.framework.ReflectiveMethodInvocation.invokeJoinpoint(ReflectiveMethodInvocation.java:198)
	at org.springframework.aop.framework.ReflectiveMethodInvocation.proceed(ReflectiveMethodInvocation.java:163)
	at org.springframework.dao.support.PersistenceExceptionTranslationInterceptor.invoke(PersistenceExceptionTranslationInterceptor.java:139)
	at org.springframework.aop.framework.ReflectiveMethodInvocation.proceed(ReflectiveMethodInvocation.java:186)
	at org.springframework.aop.framework.JdkDynamicAopProxy.invoke(JdkDynamicAopProxy.java:212)
	at com.sun.proxy.$Proxy144.getUserTeamById(Unknown Source)
	at com.mone.server.casemanagerstart.user.service.impl.UserTeamServiceImpl.getUserTeamById(UserTeamServiceImpl.java:55)
	at com.mone.server.casemanagerstart.user.service.impl.UserTeamServiceImpl$$FastClassBySpringCGLIB$$ec704995.invoke(<generated>)
	at org.springframework.cglib.proxy.MethodProxy.invoke(MethodProxy.java:218)
	at org.springframework.aop.framework.CglibAopProxy$DynamicAdvisedInterceptor.intercept(CglibAopProxy.java:687)
	at com.mone.server.casemanagerstart.user.service.impl.UserTeamServiceImpl$$EnhancerBySpringCGLIB$$4f8c97cc.getUserTeamById(<generated>)
	at com.mone.server.casemanagerstart.user.controller.UserTeamController.getUserTeam(UserTeamController.java:80)
	at com.mone.server.casemanagerstart.user.controller.UserTeamController$$FastClassBySpringCGLIB$$83924679.invoke(<generated>)
	at org.springframework.cglib.proxy.MethodProxy.invoke(MethodProxy.java:218)
	at org.springframework.aop.framework.CglibAopProxy$CglibMethodInvocation.invokeJoinpoint(CglibAopProxy.java:771)
	at org.springframework.aop.framework.ReflectiveMethodInvocation.proceed(ReflectiveMethodInvocation.java:163)
	at org.springframework.aop.framework.CglibAopProxy$CglibMethodInvocation.proceed(CglibAopProxy.java:749)
	at org.springframework.aop.aspectj.AspectJAfterThrowingAdvice.invoke(AspectJAfterThrowingAdvice.java:62)
	at org.springframework.aop.framework.ReflectiveMethodInvocation.proceed(ReflectiveMethodInvocation.java:186)
	at org.springframework.aop.framework.CglibAopProxy$CglibMethodInvocation.proceed(CglibAopProxy.java:749)
	at org.springframework.aop.aspectj.MethodInvocationProceedingJoinPoint.proceed(MethodInvocationProceedingJoinPoint.java:88)
	at com.mone.server.casemanagerframework.aop.BaseLogAop.handle(BaseLogAop.java:299)
	at com.mone.server.casemanagerstart.aop.Aop.doAround(Aop.java:50)
	at sun.reflect.NativeMethodAccessorImpl.invoke0(Native Method)
	at sun.reflect.NativeMethodAccessorImpl.invoke(NativeMethodAccessorImpl.java:62)
	at sun.reflect.DelegatingMethodAccessorImpl.invoke(DelegatingMethodAccessorImpl.java:43)
	at java.lang.reflect.Method.invoke(Method.java:498)
	at org.springframework.aop.aspectj.AbstractAspectJAdvice.invokeAdviceMethodWithGivenArgs(AbstractAspectJAdvice.java:644)
	at org.springframework.aop.aspectj.AbstractAspectJAdvice.invokeAdviceMethod(AbstractAspectJAdvice.java:633)
	at org.springframework.aop.aspectj.AspectJAroundAdvice.invoke(AspectJAroundAdvice.java:70)
	at org.springframework.aop.framework.ReflectiveMethodInvocation.proceed(ReflectiveMethodInvocation.java:186)
	at org.springframework.aop.framework.CglibAopProxy$CglibMethodInvocation.proceed(CglibAopProxy.java:749)
	at org.springframework.aop.interceptor.ExposeInvocationInterceptor.invoke(ExposeInvocationInterceptor.java:95)
	at org.springframework.aop.framework.ReflectiveMethodInvocation.proceed(ReflectiveMethodInvocation.java:186)
	at org.springframework.aop.framework.CglibAopProxy$CglibMethodInvocation.proceed(CglibAopProxy.java:749)
	at org.springframework.aop.framework.CglibAopProxy$DynamicAdvisedInterceptor.intercept(CglibAopProxy.java:691)
	at com.mone.server.casemanagerstart.user.controller.UserTeamController$$EnhancerBySpringCGLIB$$691683ab.getUserTeam(<generated>)
	at sun.reflect.NativeMethodAccessorImpl.invoke0(Native Method)
	at sun.reflect.NativeMethodAccessorImpl.invoke(NativeMethodAccessorImpl.java:62)
	at sun.reflect.DelegatingMethodAccessorImpl.invoke(DelegatingMethodAccessorImpl.java:43)
	at java.lang.reflect.Method.invoke(Method.java:498)
	at org.springframework.web.method.support.InvocableHandlerMethod.doInvoke(InvocableHandlerMethod.java:190)
	at org.springframework.web.method.support.InvocableHandlerMethod.invokeForRequest(InvocableHandlerMethod.java:138)
	at org.springframework.web.servlet.mvc.method.annotation.ServletInvocableHandlerMethod.invokeAndHandle(ServletInvocableHandlerMethod.java:105)
	at org.springframework.web.servlet.mvc.method.annotation.RequestMappingHandlerAdapter.invokeHandlerMethod(RequestMappingHandlerAdapter.java:879)
	at org.springframework.web.servlet.mvc.method.annotation.RequestMappingHandlerAdapter.handleInternal(RequestMappingHandlerAdapter.java:793)
	at org.springframework.web.servlet.mvc.method.AbstractHandlerMethodAdapter.handle(AbstractHandlerMethodAdapter.java:87)
	at org.springframework.web.servlet.DispatcherServlet.doDispatch(DispatcherServlet.java:1040)
	at org.springframework.web.servlet.DispatcherServlet.doService(DispatcherServlet.java:943)
	at org.springframework.web.servlet.FrameworkServlet.processRequest(FrameworkServlet.java:1006)
	at org.springframework.web.servlet.FrameworkServlet.doGet(FrameworkServlet.java:898)
	at javax.servlet.http.HttpServlet.service(HttpServlet.java:634)
	at org.springframework.web.servlet.FrameworkServlet.service(FrameworkServlet.java:883)
	at javax.servlet.http.HttpServlet.service(HttpServlet.java:741)
	at org.apache.catalina.core.ApplicationFilterChain.internalDoFilter(ApplicationFilterChain.java:231)
	at org.apache.catalina.core.ApplicationFilterChain.doFilter(ApplicationFilterChain.java:166)
	at org.apache.tomcat.websocket.server.WsFilter.doFilter(WsFilter.java:53)
	at org.apache.catalina.core.ApplicationFilterChain.internalDoFilter(ApplicationFilterChain.java:193)
	at org.apache.catalina.core.ApplicationFilterChain.doFilter(ApplicationFilterChain.java:166)
	at org.springframework.web.filter.RequestContextFilter.doFilterInternal(RequestContextFilter.java:100)
	at org.springframework.web.filter.OncePerRequestFilter.doFilter(OncePerRequestFilter.java:119)
	at org.apache.catalina.core.ApplicationFilterChain.internalDoFilter(ApplicationFilterChain.java:193)
	at org.apache.catalina.core.ApplicationFilterChain.doFilter(ApplicationFilterChain.java:166)
	at org.springframework.web.filter.FormContentFilter.doFilterInternal(FormContentFilter.java:93)
	at org.springframework.web.filter.OncePerRequestFilter.doFilter(OncePerRequestFilter.java:119)
	at org.apache.catalina.core.ApplicationFilterChain.internalDoFilter(ApplicationFilterChain.java:193)
	at org.apache.catalina.core.ApplicationFilterChain.doFilter(ApplicationFilterChain.java:166)
	at org.springframework.boot.actuate.metrics.web.servlet.WebMvcMetricsFilter.doFilterInternal(WebMvcMetricsFilter.java:93)
	at org.springframework.web.filter.OncePerRequestFilter.doFilter(OncePerRequestFilter.java:119)
	at org.apache.catalina.core.ApplicationFilterChain.internalDoFilter(ApplicationFilterChain.java:193)
	at org.apache.catalina.core.ApplicationFilterChain.doFilter(ApplicationFilterChain.java:166)
	at org.springframework.web.filter.CharacterEncodingFilter.doFilterInternal(CharacterEncodingFilter.java:201)
	at org.springframework.web.filter.OncePerRequestFilter.doFilter(OncePerRequestFilter.java:119)
	at org.apache.catalina.core.ApplicationFilterChain.internalDoFilter(ApplicationFilterChain.java:193)
	at org.apache.catalina.core.ApplicationFilterChain.doFilter(ApplicationFilterChain.java:166)
	at org.apache.catalina.core.StandardWrapperValve.invoke(StandardWrapperValve.java:202)
	at org.apache.catalina.core.StandardContextValve.invoke(StandardContextValve.java:96)
	at org.apache.catalina.authenticator.AuthenticatorBase.invoke(AuthenticatorBase.java:541)
	at org.apache.catalina.core.StandardHostValve.invoke(StandardHostValve.java:139)
	at org.apache.catalina.valves.ErrorReportValve.invoke(ErrorReportValve.java:92)
	at org.apache.catalina.core.StandardEngineValve.invoke(StandardEngineValve.java:74)
	at org.apache.catalina.connector.CoyoteAdapter.service(CoyoteAdapter.java:343)
	at org.apache.coyote.http11.Http11Processor.service(Http11Processor.java:373)
	at org.apache.coyote.AbstractProcessorLight.process(AbstractProcessorLight.java:65)
	at org.apache.coyote.AbstractProtocol$ConnectionHandler.process(AbstractProtocol.java:868)
	at org.apache.tomcat.util.net.NioEndpoint$SocketProcessor.doRun(NioEndpoint.java:1590)
	at org.apache.tomcat.util.net.SocketProcessorBase.run(SocketProcessorBase.java:49)
	at java.util.concurrent.ThreadPoolExecutor.runWorker(ThreadPoolExecutor.java:1149)
	at java.util.concurrent.ThreadPoolExecutor$Worker.run(ThreadPoolExecutor.java:624)
	at org.apache.tomcat.util.threads.TaskThread$WrappingRunnable.run(TaskThread.java:61)
	at java.lang.Thread.run(Thread.java:748)

2020-07-11 12:34:15.852  INFO [Thread-362] [] o.s.s.c.ThreadPoolTaskScheduler          218 : Shutting down ExecutorService
2020-07-11 12:34:15.854  INFO [Thread-362] [] o.s.s.concurrent.ThreadPoolTaskExecutor  218 : Shutting down ExecutorService 'applicationTaskExecutor'
2020-07-11 12:34:18.949  INFO [Thread-362] [] com.alibaba.druid.pool.DruidDataSource   2029 : {dataSource-1} closing ...
2020-07-11 12:34:18.952  INFO [Thread-362] [] com.alibaba.druid.pool.DruidDataSource   2101 : {dataSource-1} closed
2020-07-11 12:34:19.530  INFO [restartedMain] [] c.m.s.c.CaseManagerStartApplication      55 : Starting CaseManagerStartApplication on TaodeMacBook-Pro.local with PID 73764 (/Users/taomo/IdeaProjects/case-manager/case-manager-start/target/classes started by taomo in /Users/taomo/IdeaProjects/case-manager)
2020-07-11 12:34:19.530  INFO [restartedMain] [] c.m.s.c.CaseManagerStartApplication      655 : The following profiles are active: dev
2020-07-11 12:34:20.413  INFO [restartedMain] [] .s.d.r.c.RepositoryConfigurationDelegate 249 : Multiple Spring Data modules found, entering strict repository configuration mode!
2020-07-11 12:34:20.413  INFO [restartedMain] [] .s.d.r.c.RepositoryConfigurationDelegate 127 : Bootstrapping Spring Data Redis repositories in DEFAULT mode.
2020-07-11 12:34:20.419  INFO [restartedMain] [] .s.d.r.c.RepositoryConfigurationDelegate 187 : Finished Spring Data repository scanning in 5ms. Found 0 Redis repository interfaces.
2020-07-11 12:34:20.468  WARN [restartedMain] [] o.m.s.mapper.ClassPathMapperScanner      44 : Skipping MapperFactoryBean with name 'cmsLoginLogMapper' and 'com.mone.server.casemanagerframework.aop.mapper.CmsLoginLogMapper' mapperInterface. Bean already defined with the same name!
2020-07-11 12:34:20.468  WARN [restartedMain] [] o.m.s.mapper.ClassPathMapperScanner      44 : Skipping MapperFactoryBean with name 'cmsOperationLogMapper' and 'com.mone.server.casemanagerframework.aop.mapper.CmsOperationLogMapper' mapperInterface. Bean already defined with the same name!
2020-07-11 12:34:20.469  WARN [restartedMain] [] o.m.s.mapper.ClassPathMapperScanner      44 : Skipping MapperFactoryBean with name 'ipAddressMapper' and 'com.mone.server.casemanagerframework.aop.mapper.IpAddressMapper' mapperInterface. Bean already defined with the same name!
2020-07-11 12:34:20.539  INFO [restartedMain] [] trationDelegate$BeanPostProcessorChecker 335 : Bean 'redisCacheConfig' of type [com.mone.server.casemanagerstart.config.redis.RedisCacheConfig$$EnhancerBySpringCGLIB$$b185265d] is not eligible for getting processed by all BeanPostProcessors (for example: not eligible for auto-proxying)
2020-07-11 12:34:20.657  INFO [restartedMain] [] o.s.b.w.embedded.tomcat.TomcatWebServer  108 : Tomcat initialized with port(s): 8888 (http)
2020-07-11 12:34:20.657  INFO [restartedMain] [] o.a.coyote.http11.Http11NioProtocol      173 : Initializing ProtocolHandler ["http-nio-8888"]
2020-07-11 12:34:20.658  INFO [restartedMain] [] o.apache.catalina.core.StandardService   173 : Starting service [Tomcat]
2020-07-11 12:34:20.658  INFO [restartedMain] [] org.apache.catalina.core.StandardEngine  173 : Starting Servlet engine: [Apache Tomcat/9.0.36]
2020-07-11 12:34:20.667  INFO [restartedMain] [] o.a.c.c.C.[Tomcat].[localhost].[/api]    173 : Initializing Spring embedded WebApplicationContext
2020-07-11 12:34:20.667  INFO [restartedMain] [] w.s.c.ServletWebServerApplicationContext 285 : Root WebApplicationContext: initialization completed in 1133 ms
2020-07-11 12:34:20.765  INFO [restartedMain] [] o.s.b.a.e.web.ServletEndpointRegistrar   75 : Registered '/actuator/jolokia' to jolokia-actuator-endpoint
2020-07-11 12:34:20.803  INFO [restartedMain] [] c.a.d.s.b.a.DruidDataSourceAutoConfigure 56 : Init DruidDataSource
2020-07-11 12:34:21.494  INFO [restartedMain] [] com.alibaba.druid.pool.DruidDataSource   994 : {dataSource-2} inited
2020-07-11 12:34:22.284  INFO [restartedMain] [] o.s.b.a.e.web.EndpointLinksResolver      58 : Exposing 15 endpoint(s) beneath base path '/actuator'
2020-07-11 12:34:22.349  INFO [restartedMain] [] pertySourcedRequestMappingHandlerMapping 69 : Mapped URL path [/v2/api-docs] onto method [springfox.documentation.swagger2.web.Swagger2Controller#getDocumentation(String, HttpServletRequest)]
2020-07-11 12:34:22.356  INFO [restartedMain] [] c.m.s.c.config.Swagger2Config            115 : swagger scan basePackages:[com.mone.server.casemanagerstart, com.mone.server.casemanagerframework]
2020-07-11 12:34:22.483  INFO [restartedMain] [] o.s.s.concurrent.ThreadPoolTaskExecutor  181 : Initializing ExecutorService 'applicationTaskExecutor'
2020-07-11 12:34:22.511  INFO [restartedMain] [] o.s.b.d.a.OptionalLiveReloadServer       58 : LiveReload server is running on port 35729
2020-07-11 12:34:22.593  INFO [restartedMain] [] o.s.s.c.ThreadPoolTaskScheduler          181 : Initializing ExecutorService
2020-07-11 12:34:22.846  INFO [restartedMain] [] o.a.coyote.http11.Http11NioProtocol      173 : Starting ProtocolHandler ["http-nio-8888"]
2020-07-11 12:34:22.850  INFO [restartedMain] [] o.s.b.w.embedded.tomcat.TomcatWebServer  220 : Tomcat started on port(s): 8888 (http) with context path '/api'
2020-07-11 12:34:22.851  INFO [restartedMain] [] d.s.w.p.DocumentationPluginsBootstrapper 160 : Context refreshed
2020-07-11 12:34:22.852  INFO [restartedMain] [] d.s.w.p.DocumentationPluginsBootstrapper 163 : Found 1 custom documentation plugin(s)
2020-07-11 12:34:22.858  INFO [restartedMain] [] s.d.s.w.s.ApiListingReferenceScanner     41 : Scanning for api listing references
2020-07-11 12:34:22.937  INFO [restartedMain] [] c.m.s.c.CaseManagerStartApplication      61 : Started CaseManagerStartApplication in 3.639 seconds (JVM running for 4595.417)
2020-07-11 12:34:22.940  INFO [restartedMain] [] .ConditionEvaluationDeltaLoggingListener 63 : Condition evaluation unchanged
2020-07-11 12:34:22.941  INFO [restartedMain] [] c.m.s.c.util.PrintApplicationInfo        83 : projectFinalName : @boot.artifact.name@
2020-07-11 12:34:22.941  INFO [restartedMain] [] c.m.s.c.util.PrintApplicationInfo        84 : projectVersion : 0.0.1-SNAPSHOT
2020-07-11 12:34:22.942  INFO [restartedMain] [] c.m.s.c.util.PrintApplicationInfo        85 : profileActive : dev
2020-07-11 12:34:22.942  INFO [restartedMain] [] c.m.s.c.util.PrintApplicationInfo        86 : contextPath : /api
2020-07-11 12:34:22.942  INFO [restartedMain] [] c.m.s.c.util.PrintApplicationInfo        87 : serverIp : 127.0.0.1
2020-07-11 12:34:22.942  INFO [restartedMain] [] c.m.s.c.util.PrintApplicationInfo        88 : port : 8888
2020-07-11 12:34:22.942  INFO [restartedMain] [] c.m.s.c.util.PrintApplicationInfo        102 : Admin:   http://127.0.0.1:8000
2020-07-11 12:34:22.942  INFO [restartedMain] [] c.m.s.c.util.PrintApplicationInfo        103 : Home:    http://127.0.0.1:8888/api
2020-07-11 12:34:22.942  INFO [restartedMain] [] c.m.s.c.util.PrintApplicationInfo        104 : Swagger: http://127.0.0.1:8888/api/swagger-ui.html
2020-07-11 12:34:22.943  INFO [restartedMain] [] c.m.s.c.util.PrintApplicationInfo        105 : project start success...........
2020-07-11 12:34:22.943  INFO [restartedMain] [] c.m.s.c.util.PrintApplicationInfo        107 : 
[2J[34m ____    __                    __        ____                                                   
/\  _`\ /\ \__                /\ \__    /\  _`\                                                 
\ \,\L\_\ \ ,_\    __     _ __\ \ ,_\   \ \,\L\_\  __  __    ___    ___     __    ____    ____  
 \/_\__ \\ \ \/  /'__`\  /\`'__\ \ \/    \/_\__ \ /\ \/\ \  /'___\ /'___\ /'__`\ /',__\  /',__\ 
   /\ \L\ \ \ \_/\ \L\.\_\ \ \/ \ \ \_     /\ \L\ \ \ \_\ \/\ \__//\ \__//\  __//\__, `\/\__, `\
   \ `\____\ \__\ \__/.\_\\ \_\  \ \__\    \ `\____\ \____/\ \____\ \____\ \____\/\____/\/\____/
    \/_____/\/__/\/__/\/_/ \/_/   \/__/     \/_____/\/___/  \/____/\/____/\/____/\/___/  \/___/ 
                                                                                                
                                                                                                [m
2020-07-11 12:34:22.943  WARN [registrationTask1] [] d.c.b.a.c.r.ApplicationRegistrator       93 : Failed to register application as Application(name=case manager, managementUrl=http://127.0.0.1:8888/api/actuator, healthUrl=http://127.0.0.1:8888/api/actuator/health, serviceUrl=http://127.0.0.1:8888/api) at spring-boot-admin ([http://127.0.0.1:8000/instances]): I/O error on POST request for "http://127.0.0.1:8000/instances": Connection refused (Connection refused); nested exception is java.net.ConnectException: Connection refused (Connection refused). Further attempts are logged on DEBUG level
2020-07-11 12:34:22.944  INFO [restartedMain] [] c.m.s.c.util.PrintApplicationInfo        53 : 
[2J[33m===========================================================================================
                                                                                  
                               !!!开始启动项目!!!                                      
=======>>>启动环境: dev===========================================================================================
[m
2020-07-11 12:53:45.139  INFO [SpringContextShutdownHook] [] o.s.s.c.ThreadPoolTaskScheduler          218 : Shutting down ExecutorService
2020-07-11 12:53:45.141  INFO [SpringContextShutdownHook] [] o.s.s.concurrent.ThreadPoolTaskExecutor  218 : Shutting down ExecutorService 'applicationTaskExecutor'
2020-07-11 12:53:45.147  INFO [SpringContextShutdownHook] [] com.alibaba.druid.pool.DruidDataSource   2029 : {dataSource-2} closing ...
2020-07-11 12:53:45.159  INFO [SpringContextShutdownHook] [] com.alibaba.druid.pool.DruidDataSource   2101 : {dataSource-2} closed
